<?xml version="1.0" encoding="UTF-8"?>
<!-- Generated by org.testng.reporters.JUnitReportReporter -->
<testsuite hostname="DESKTOP-R8GVFU8" failures="0" tests="3" name="testng.BasicsofTestNG" time="0.015" errors="0" timestamp="02 Mar 2024 15:31:19 GMT" skipped="0">
  <testcase classname="testng.BasicsofTestNG" name="Search" time="0.008"/>
  <testcase classname="testng.BasicsofTestNG" name="googleTitletext" time="0.005"/>
  <testcase classname="testng.BasicsofTestNG" name="newSearch" time="0.002"/>
</testsuite> <!-- testng.BasicsofTestNG -->
