<?xml version="1.0" encoding="UTF-8"?>
<!-- Generated by org.testng.reporters.JUnitReportReporter -->
<testsuite hostname="DESKTOP-R8GVFU8" failures="0" tests="10" name="testng.InvocationCountTest" time="0.014" errors="0" timestamp="02 Mar 2024 15:31:19 GMT" skipped="0">
  <testcase classname="testng.InvocationCountTest" name="Sum" time="0.001"/>
  <testcase classname="testng.InvocationCountTest" name="Sum" time="0.002"/>
  <testcase classname="testng.InvocationCountTest" name="Sum" time="0.002"/>
  <testcase classname="testng.InvocationCountTest" name="Sum" time="0.001"/>
  <testcase classname="testng.InvocationCountTest" name="Sum" time="0.001"/>
  <testcase classname="testng.InvocationCountTest" name="Sum" time="0.000"/>
  <testcase classname="testng.InvocationCountTest" name="Sum" time="0.001"/>
  <testcase classname="testng.InvocationCountTest" name="Sum" time="0.000"/>
  <testcase classname="testng.InvocationCountTest" name="Sum" time="0.005"/>
  <testcase classname="testng.InvocationCountTest" name="Sum" time="0.001"/>
</testsuite> <!-- testng.InvocationCountTest -->
