<?xml version="1.0" encoding="UTF-8"?>
<!-- Generated by org.testng.reporters.JUnitReportReporter -->
<testsuite hostname="DESKTOP-R8GVFU8" failures="0" tests="3" name="testng.GoogleTest" time="12.304" errors="0" timestamp="02 Mar 2024 15:31:19 GMT" skipped="0">
  <testcase classname="testng.GoogleTest" name="googleTitleTest" time="3.170"/>
  <testcase classname="testng.GoogleTest" name="googleLogoTest" time="6.188"/>
  <testcase classname="testng.GoogleTest" name="googlelinkTest" time="2.946"/>
</testsuite> <!-- testng.GoogleTest -->
